/home/claire/ros2_eloquent/src/ros2/ros2cli/install/ros2doctor/lib/python3.6/site-packages/ros2doctor/__init__.py
/home/claire/ros2_eloquent/src/ros2/ros2cli/install/ros2doctor/lib/python3.6/site-packages/ros2doctor/api/__init__.py
/home/claire/ros2_eloquent/src/ros2/ros2cli/install/ros2doctor/lib/python3.6/site-packages/ros2doctor/api/rmw.py
/home/claire/ros2_eloquent/src/ros2/ros2cli/install/ros2doctor/lib/python3.6/site-packages/ros2doctor/api/format.py
/home/claire/ros2_eloquent/src/ros2/ros2cli/install/ros2doctor/lib/python3.6/site-packages/ros2doctor/api/topic.py
/home/claire/ros2_eloquent/src/ros2/ros2cli/install/ros2doctor/lib/python3.6/site-packages/ros2doctor/api/platform.py
/home/claire/ros2_eloquent/src/ros2/ros2cli/install/ros2doctor/lib/python3.6/site-packages/ros2doctor/api/network.py
/home/claire/ros2_eloquent/src/ros2/ros2cli/install/ros2doctor/lib/python3.6/site-packages/ros2doctor/command/__init__.py
/home/claire/ros2_eloquent/src/ros2/ros2cli/install/ros2doctor/lib/python3.6/site-packages/ros2doctor/command/doctor.py
/home/claire/ros2_eloquent/src/ros2/ros2cli/install/ros2doctor/lib/python3.6/site-packages/ros2doctor/verb/__init__.py
/home/claire/ros2_eloquent/src/ros2/ros2cli/install/ros2doctor/lib/python3.6/site-packages/ros2doctor/verb/call.py
/home/claire/ros2_eloquent/src/ros2/ros2cli/install/ros2doctor/lib/python3.6/site-packages/ros2doctor/__pycache__/__init__.cpython-36.pyc
/home/claire/ros2_eloquent/src/ros2/ros2cli/install/ros2doctor/lib/python3.6/site-packages/ros2doctor/api/__pycache__/__init__.cpython-36.pyc
/home/claire/ros2_eloquent/src/ros2/ros2cli/install/ros2doctor/lib/python3.6/site-packages/ros2doctor/api/__pycache__/rmw.cpython-36.pyc
/home/claire/ros2_eloquent/src/ros2/ros2cli/install/ros2doctor/lib/python3.6/site-packages/ros2doctor/api/__pycache__/format.cpython-36.pyc
/home/claire/ros2_eloquent/src/ros2/ros2cli/install/ros2doctor/lib/python3.6/site-packages/ros2doctor/api/__pycache__/topic.cpython-36.pyc
/home/claire/ros2_eloquent/src/ros2/ros2cli/install/ros2doctor/lib/python3.6/site-packages/ros2doctor/api/__pycache__/platform.cpython-36.pyc
/home/claire/ros2_eloquent/src/ros2/ros2cli/install/ros2doctor/lib/python3.6/site-packages/ros2doctor/api/__pycache__/network.cpython-36.pyc
/home/claire/ros2_eloquent/src/ros2/ros2cli/install/ros2doctor/lib/python3.6/site-packages/ros2doctor/command/__pycache__/__init__.cpython-36.pyc
/home/claire/ros2_eloquent/src/ros2/ros2cli/install/ros2doctor/lib/python3.6/site-packages/ros2doctor/command/__pycache__/doctor.cpython-36.pyc
/home/claire/ros2_eloquent/src/ros2/ros2cli/install/ros2doctor/lib/python3.6/site-packages/ros2doctor/verb/__pycache__/__init__.cpython-36.pyc
/home/claire/ros2_eloquent/src/ros2/ros2cli/install/ros2doctor/lib/python3.6/site-packages/ros2doctor/verb/__pycache__/call.cpython-36.pyc
/home/claire/ros2_eloquent/src/ros2/ros2cli/install/ros2doctor/share/ros2doctor/package.xml
/home/claire/ros2_eloquent/src/ros2/ros2cli/install/ros2doctor/share/ament_index/resource_index/packages/ros2doctor
/home/claire/ros2_eloquent/src/ros2/ros2cli/install/ros2doctor/lib/python3.6/site-packages/ros2doctor-0.8.6-py3.6.egg-info/top_level.txt
/home/claire/ros2_eloquent/src/ros2/ros2cli/install/ros2doctor/lib/python3.6/site-packages/ros2doctor-0.8.6-py3.6.egg-info/dependency_links.txt
/home/claire/ros2_eloquent/src/ros2/ros2cli/install/ros2doctor/lib/python3.6/site-packages/ros2doctor-0.8.6-py3.6.egg-info/entry_points.txt
/home/claire/ros2_eloquent/src/ros2/ros2cli/install/ros2doctor/lib/python3.6/site-packages/ros2doctor-0.8.6-py3.6.egg-info/PKG-INFO
/home/claire/ros2_eloquent/src/ros2/ros2cli/install/ros2doctor/lib/python3.6/site-packages/ros2doctor-0.8.6-py3.6.egg-info/zip-safe
/home/claire/ros2_eloquent/src/ros2/ros2cli/install/ros2doctor/lib/python3.6/site-packages/ros2doctor-0.8.6-py3.6.egg-info/SOURCES.txt
/home/claire/ros2_eloquent/src/ros2/ros2cli/install/ros2doctor/lib/python3.6/site-packages/ros2doctor-0.8.6-py3.6.egg-info/requires.txt
