running egg_info
creating /home/claire/ros2_eloquent/src/ros2/ros2cli/build/ros2doctor/ros2doctor.egg-info
writing /home/claire/ros2_eloquent/src/ros2/ros2cli/build/ros2doctor/ros2doctor.egg-info/PKG-INFO
writing dependency_links to /home/claire/ros2_eloquent/src/ros2/ros2cli/build/ros2doctor/ros2doctor.egg-info/dependency_links.txt
writing entry points to /home/claire/ros2_eloquent/src/ros2/ros2cli/build/ros2doctor/ros2doctor.egg-info/entry_points.txt
writing requirements to /home/claire/ros2_eloquent/src/ros2/ros2cli/build/ros2doctor/ros2doctor.egg-info/requires.txt
writing top-level names to /home/claire/ros2_eloquent/src/ros2/ros2cli/build/ros2doctor/ros2doctor.egg-info/top_level.txt
writing manifest file '/home/claire/ros2_eloquent/src/ros2/ros2cli/build/ros2doctor/ros2doctor.egg-info/SOURCES.txt'
reading manifest file '/home/claire/ros2_eloquent/src/ros2/ros2cli/build/ros2doctor/ros2doctor.egg-info/SOURCES.txt'
writing manifest file '/home/claire/ros2_eloquent/src/ros2/ros2cli/build/ros2doctor/ros2doctor.egg-info/SOURCES.txt'
running build
running build_py
creating /home/claire/ros2_eloquent/src/ros2/ros2cli/build/ros2doctor/build
creating /home/claire/ros2_eloquent/src/ros2/ros2cli/build/ros2doctor/build/lib
creating /home/claire/ros2_eloquent/src/ros2/ros2cli/build/ros2doctor/build/lib/ros2doctor
copying ros2doctor/__init__.py -> /home/claire/ros2_eloquent/src/ros2/ros2cli/build/ros2doctor/build/lib/ros2doctor
creating /home/claire/ros2_eloquent/src/ros2/ros2cli/build/ros2doctor/build/lib/ros2doctor/api
copying ros2doctor/api/__init__.py -> /home/claire/ros2_eloquent/src/ros2/ros2cli/build/ros2doctor/build/lib/ros2doctor/api
copying ros2doctor/api/rmw.py -> /home/claire/ros2_eloquent/src/ros2/ros2cli/build/ros2doctor/build/lib/ros2doctor/api
copying ros2doctor/api/format.py -> /home/claire/ros2_eloquent/src/ros2/ros2cli/build/ros2doctor/build/lib/ros2doctor/api
copying ros2doctor/api/topic.py -> /home/claire/ros2_eloquent/src/ros2/ros2cli/build/ros2doctor/build/lib/ros2doctor/api
copying ros2doctor/api/platform.py -> /home/claire/ros2_eloquent/src/ros2/ros2cli/build/ros2doctor/build/lib/ros2doctor/api
copying ros2doctor/api/network.py -> /home/claire/ros2_eloquent/src/ros2/ros2cli/build/ros2doctor/build/lib/ros2doctor/api
creating /home/claire/ros2_eloquent/src/ros2/ros2cli/build/ros2doctor/build/lib/ros2doctor/command
copying ros2doctor/command/__init__.py -> /home/claire/ros2_eloquent/src/ros2/ros2cli/build/ros2doctor/build/lib/ros2doctor/command
copying ros2doctor/command/doctor.py -> /home/claire/ros2_eloquent/src/ros2/ros2cli/build/ros2doctor/build/lib/ros2doctor/command
creating /home/claire/ros2_eloquent/src/ros2/ros2cli/build/ros2doctor/build/lib/ros2doctor/verb
copying ros2doctor/verb/__init__.py -> /home/claire/ros2_eloquent/src/ros2/ros2cli/build/ros2doctor/build/lib/ros2doctor/verb
copying ros2doctor/verb/call.py -> /home/claire/ros2_eloquent/src/ros2/ros2cli/build/ros2doctor/build/lib/ros2doctor/verb
running install
running install_lib
creating /home/claire/ros2_eloquent/src/ros2/ros2cli/install/ros2doctor/lib/python3.6/site-packages/ros2doctor
copying /home/claire/ros2_eloquent/src/ros2/ros2cli/build/ros2doctor/build/lib/ros2doctor/__init__.py -> /home/claire/ros2_eloquent/src/ros2/ros2cli/install/ros2doctor/lib/python3.6/site-packages/ros2doctor
creating /home/claire/ros2_eloquent/src/ros2/ros2cli/install/ros2doctor/lib/python3.6/site-packages/ros2doctor/api
copying /home/claire/ros2_eloquent/src/ros2/ros2cli/build/ros2doctor/build/lib/ros2doctor/api/__init__.py -> /home/claire/ros2_eloquent/src/ros2/ros2cli/install/ros2doctor/lib/python3.6/site-packages/ros2doctor/api
copying /home/claire/ros2_eloquent/src/ros2/ros2cli/build/ros2doctor/build/lib/ros2doctor/api/rmw.py -> /home/claire/ros2_eloquent/src/ros2/ros2cli/install/ros2doctor/lib/python3.6/site-packages/ros2doctor/api
copying /home/claire/ros2_eloquent/src/ros2/ros2cli/build/ros2doctor/build/lib/ros2doctor/api/format.py -> /home/claire/ros2_eloquent/src/ros2/ros2cli/install/ros2doctor/lib/python3.6/site-packages/ros2doctor/api
copying /home/claire/ros2_eloquent/src/ros2/ros2cli/build/ros2doctor/build/lib/ros2doctor/api/topic.py -> /home/claire/ros2_eloquent/src/ros2/ros2cli/install/ros2doctor/lib/python3.6/site-packages/ros2doctor/api
copying /home/claire/ros2_eloquent/src/ros2/ros2cli/build/ros2doctor/build/lib/ros2doctor/api/platform.py -> /home/claire/ros2_eloquent/src/ros2/ros2cli/install/ros2doctor/lib/python3.6/site-packages/ros2doctor/api
copying /home/claire/ros2_eloquent/src/ros2/ros2cli/build/ros2doctor/build/lib/ros2doctor/api/network.py -> /home/claire/ros2_eloquent/src/ros2/ros2cli/install/ros2doctor/lib/python3.6/site-packages/ros2doctor/api
creating /home/claire/ros2_eloquent/src/ros2/ros2cli/install/ros2doctor/lib/python3.6/site-packages/ros2doctor/command
copying /home/claire/ros2_eloquent/src/ros2/ros2cli/build/ros2doctor/build/lib/ros2doctor/command/__init__.py -> /home/claire/ros2_eloquent/src/ros2/ros2cli/install/ros2doctor/lib/python3.6/site-packages/ros2doctor/command
copying /home/claire/ros2_eloquent/src/ros2/ros2cli/build/ros2doctor/build/lib/ros2doctor/command/doctor.py -> /home/claire/ros2_eloquent/src/ros2/ros2cli/install/ros2doctor/lib/python3.6/site-packages/ros2doctor/command
creating /home/claire/ros2_eloquent/src/ros2/ros2cli/install/ros2doctor/lib/python3.6/site-packages/ros2doctor/verb
copying /home/claire/ros2_eloquent/src/ros2/ros2cli/build/ros2doctor/build/lib/ros2doctor/verb/__init__.py -> /home/claire/ros2_eloquent/src/ros2/ros2cli/install/ros2doctor/lib/python3.6/site-packages/ros2doctor/verb
copying /home/claire/ros2_eloquent/src/ros2/ros2cli/build/ros2doctor/build/lib/ros2doctor/verb/call.py -> /home/claire/ros2_eloquent/src/ros2/ros2cli/install/ros2doctor/lib/python3.6/site-packages/ros2doctor/verb
byte-compiling /home/claire/ros2_eloquent/src/ros2/ros2cli/install/ros2doctor/lib/python3.6/site-packages/ros2doctor/__init__.py to __init__.cpython-36.pyc
byte-compiling /home/claire/ros2_eloquent/src/ros2/ros2cli/install/ros2doctor/lib/python3.6/site-packages/ros2doctor/api/__init__.py to __init__.cpython-36.pyc
byte-compiling /home/claire/ros2_eloquent/src/ros2/ros2cli/install/ros2doctor/lib/python3.6/site-packages/ros2doctor/api/rmw.py to rmw.cpython-36.pyc
byte-compiling /home/claire/ros2_eloquent/src/ros2/ros2cli/install/ros2doctor/lib/python3.6/site-packages/ros2doctor/api/format.py to format.cpython-36.pyc
byte-compiling /home/claire/ros2_eloquent/src/ros2/ros2cli/install/ros2doctor/lib/python3.6/site-packages/ros2doctor/api/topic.py to topic.cpython-36.pyc
byte-compiling /home/claire/ros2_eloquent/src/ros2/ros2cli/install/ros2doctor/lib/python3.6/site-packages/ros2doctor/api/platform.py to platform.cpython-36.pyc
byte-compiling /home/claire/ros2_eloquent/src/ros2/ros2cli/install/ros2doctor/lib/python3.6/site-packages/ros2doctor/api/network.py to network.cpython-36.pyc
byte-compiling /home/claire/ros2_eloquent/src/ros2/ros2cli/install/ros2doctor/lib/python3.6/site-packages/ros2doctor/command/__init__.py to __init__.cpython-36.pyc
byte-compiling /home/claire/ros2_eloquent/src/ros2/ros2cli/install/ros2doctor/lib/python3.6/site-packages/ros2doctor/command/doctor.py to doctor.cpython-36.pyc
byte-compiling /home/claire/ros2_eloquent/src/ros2/ros2cli/install/ros2doctor/lib/python3.6/site-packages/ros2doctor/verb/__init__.py to __init__.cpython-36.pyc
byte-compiling /home/claire/ros2_eloquent/src/ros2/ros2cli/install/ros2doctor/lib/python3.6/site-packages/ros2doctor/verb/call.py to call.cpython-36.pyc
running install_data
copying package.xml -> /home/claire/ros2_eloquent/src/ros2/ros2cli/install/ros2doctor/share/ros2doctor
creating /home/claire/ros2_eloquent/src/ros2/ros2cli/install/ros2doctor/share/ament_index
creating /home/claire/ros2_eloquent/src/ros2/ros2cli/install/ros2doctor/share/ament_index/resource_index
creating /home/claire/ros2_eloquent/src/ros2/ros2cli/install/ros2doctor/share/ament_index/resource_index/packages
copying resource/ros2doctor -> /home/claire/ros2_eloquent/src/ros2/ros2cli/install/ros2doctor/share/ament_index/resource_index/packages
running install_egg_info
Copying /home/claire/ros2_eloquent/src/ros2/ros2cli/build/ros2doctor/ros2doctor.egg-info to /home/claire/ros2_eloquent/src/ros2/ros2cli/install/ros2doctor/lib/python3.6/site-packages/ros2doctor-0.8.6-py3.6.egg-info
running install_scripts
writing list of installed files to '/home/claire/ros2_eloquent/src/ros2/ros2cli/build/ros2doctor/install.log'
